[     114ms] [LOG] [Fast Refresh] rebuilding @ http://localhost:3000/_next/static/chunks/node_modules_next_dist_115brz8._.js:2477
[     177ms] [LOG] [Fast Refresh] done in 169ms @ http://localhost:3000/_next/static/chunks/node_modules_next_dist_115brz8._.js:2477
[     253ms] [INFO] %cDownload the React DevTools for a better development experience: https://react.dev/link/react-devtools font-weight:bold @ http://localhost:3000/_next/static/chunks/node_modules_next_dist_115brz8._.js:2477
[     285ms] [LOG] [HMR] connected @ http://localhost:3000/_next/static/chunks/node_modules_next_dist_115brz8._.js:2477
[  683229ms] [LOG] [Fast Refresh] rebuilding @ http://localhost:3000/_next/static/chunks/node_modules_next_dist_115brz8._.js:2477
[  685127ms] [ERROR] %c%s%c Only plain objects can be passed to Client Components from Server Components. Classes or other objects with methods are not supported.%s background: #e6e6e6;background: light-dark(rgba(0,0,0,0.1), rgba(255,255,255,0.25));color: #000000;color: light-dark(#000000, #ffffff);border-radius: 2px  Server   
  {icon: {$$typeof: ..., render: ...}, label: ..., href: ...}
         ^^^^^^^^^^^^^^^^^^^^^^^^^^^^ @ http://localhost:3000/_next/static/chunks/node_modules_next_dist_115brz8._.js:3318
[  685128ms] [ERROR] %c%s%c Only plain objects can be passed to Client Components from Server Components. Classes or other objects with methods are not supported.%s background: #e6e6e6;background: light-dark(rgba(0,0,0,0.1), rgba(255,255,255,0.25));color: #000000;color: light-dark(#000000, #ffffff);border-radius: 2px  Server   
  {icon: {$$typeof: ..., render: ...}, label: ..., href: ...}
         ^^^^^^^^^^^^^^^^^^^^^^^^^^^^ @ http://localhost:3000/_next/static/chunks/node_modules_next_dist_115brz8._.js:3318
[  685129ms] [ERROR] %c%s%c Only plain objects can be passed to Client Components from Server Components. Classes or other objects with methods are not supported.%s background: #e6e6e6;background: light-dark(rgba(0,0,0,0.1), rgba(255,255,255,0.25));color: #000000;color: light-dark(#000000, #ffffff);border-radius: 2px  Server   
  {icon: {$$typeof: ..., render: ...}, label: ..., href: ...}
         ^^^^^^^^^^^^^^^^^^^^^^^^^^^^ @ http://localhost:3000/_next/static/chunks/node_modules_next_dist_115brz8._.js:3318
[  685129ms] [ERROR] %c%s%c Only plain objects can be passed to Client Components from Server Components. Classes or other objects with methods are not supported.%s background: #e6e6e6;background: light-dark(rgba(0,0,0,0.1), rgba(255,255,255,0.25));color: #000000;color: light-dark(#000000, #ffffff);border-radius: 2px  Server   
  {icon: {$$typeof: ..., render: ...}, label: ..., href: ...}
         ^^^^^^^^^^^^^^^^^^^^^^^^^^^^ @ http://localhost:3000/_next/static/chunks/node_modules_next_dist_115brz8._.js:3318
[  685211ms] [LOG] [Fast Refresh] done in 2074ms @ http://localhost:3000/_next/static/chunks/node_modules_next_dist_115brz8._.js:2477
[  685330ms] [LOG] [Fast Refresh] rebuilding @ http://localhost:3000/_next/static/chunks/node_modules_next_dist_115brz8._.js:2477
[  686317ms] [LOG] [Fast Refresh] done in 1098ms @ http://localhost:3000/_next/static/chunks/node_modules_next_dist_115brz8._.js:2477
[  686326ms] [ERROR] %c%s%c Only plain objects can be passed to Client Components from Server Components. Classes or other objects with methods are not supported.%s background: #e6e6e6;background: light-dark(rgba(0,0,0,0.1), rgba(255,255,255,0.25));color: #000000;color: light-dark(#000000, #ffffff);border-radius: 2px  Server   
  {icon: {$$typeof: ..., render: ...}, label: ..., href: ...}
         ^^^^^^^^^^^^^^^^^^^^^^^^^^^^ @ http://localhost:3000/_next/static/chunks/node_modules_next_dist_115brz8._.js:3318
[  686326ms] [ERROR] %c%s%c Only plain objects can be passed to Client Components from Server Components. Classes or other objects with methods are not supported.%s background: #e6e6e6;background: light-dark(rgba(0,0,0,0.1), rgba(255,255,255,0.25));color: #000000;color: light-dark(#000000, #ffffff);border-radius: 2px  Server   
  {icon: {$$typeof: ..., render: ...}, label: ..., href: ...}
         ^^^^^^^^^^^^^^^^^^^^^^^^^^^^ @ http://localhost:3000/_next/static/chunks/node_modules_next_dist_115brz8._.js:3318
[  686327ms] [ERROR] %c%s%c Only plain objects can be passed to Client Components from Server Components. Classes or other objects with methods are not supported.%s background: #e6e6e6;background: light-dark(rgba(0,0,0,0.1), rgba(255,255,255,0.25));color: #000000;color: light-dark(#000000, #ffffff);border-radius: 2px  Server   
  {icon: {$$typeof: ..., render: ...}, label: ..., href: ...}
         ^^^^^^^^^^^^^^^^^^^^^^^^^^^^ @ http://localhost:3000/_next/static/chunks/node_modules_next_dist_115brz8._.js:3318
[  686327ms] [ERROR] %c%s%c Only plain objects can be passed to Client Components from Server Components. Classes or other objects with methods are not supported.%s background: #e6e6e6;background: light-dark(rgba(0,0,0,0.1), rgba(255,255,255,0.25));color: #000000;color: light-dark(#000000, #ffffff);border-radius: 2px  Server   
  {icon: {$$typeof: ..., render: ...}, label: ..., href: ...}
         ^^^^^^^^^^^^^^^^^^^^^^^^^^^^ @ http://localhost:3000/_next/static/chunks/node_modules_next_dist_115brz8._.js:3318
[  686452ms] [LOG] [Fast Refresh] rebuilding @ http://localhost:3000/_next/static/chunks/node_modules_next_dist_115brz8._.js:2477
[  687460ms] [ERROR] %c%s%c Only plain objects can be passed to Client Components from Server Components. Classes or other objects with methods are not supported.%s background: #e6e6e6;background: light-dark(rgba(0,0,0,0.1), rgba(255,255,255,0.25));color: #000000;color: light-dark(#000000, #ffffff);border-radius: 2px  Server   
  {icon: {$$typeof: ..., render: ...}, label: ..., href: ...}
         ^^^^^^^^^^^^^^^^^^^^^^^^^^^^ @ http://localhost:3000/_next/static/chunks/node_modules_next_dist_115brz8._.js:3318
[  687461ms] [ERROR] %c%s%c Only plain objects can be passed to Client Components from Server Components. Classes or other objects with methods are not supported.%s background: #e6e6e6;background: light-dark(rgba(0,0,0,0.1), rgba(255,255,255,0.25));color: #000000;color: light-dark(#000000, #ffffff);border-radius: 2px  Server   
  {icon: {$$typeof: ..., render: ...}, label: ..., href: ...}
         ^^^^^^^^^^^^^^^^^^^^^^^^^^^^ @ http://localhost:3000/_next/static/chunks/node_modules_next_dist_115brz8._.js:3318
[  687461ms] [ERROR] %c%s%c Only plain objects can be passed to Client Components from Server Components. Classes or other objects with methods are not supported.%s background: #e6e6e6;background: light-dark(rgba(0,0,0,0.1), rgba(255,255,255,0.25));color: #000000;color: light-dark(#000000, #ffffff);border-radius: 2px  Server   
  {icon: {$$typeof: ..., render: ...}, label: ..., href: ...}
         ^^^^^^^^^^^^^^^^^^^^^^^^^^^^ @ http://localhost:3000/_next/static/chunks/node_modules_next_dist_115brz8._.js:3318
[  687461ms] [ERROR] %c%s%c Only plain objects can be passed to Client Components from Server Components. Classes or other objects with methods are not supported.%s background: #e6e6e6;background: light-dark(rgba(0,0,0,0.1), rgba(255,255,255,0.25));color: #000000;color: light-dark(#000000, #ffffff);border-radius: 2px  Server   
  {icon: {$$typeof: ..., render: ...}, label: ..., href: ...}
         ^^^^^^^^^^^^^^^^^^^^^^^^^^^^ @ http://localhost:3000/_next/static/chunks/node_modules_next_dist_115brz8._.js:3318
[  688563ms] [LOG] [Fast Refresh] done in 2213ms @ http://localhost:3000/_next/static/chunks/node_modules_next_dist_115brz8._.js:2477
[  688569ms] [ERROR] %c%s%c Only plain objects can be passed to Client Components from Server Components. Classes or other objects with methods are not supported.%s background: #e6e6e6;background: light-dark(rgba(0,0,0,0.1), rgba(255,255,255,0.25));color: #000000;color: light-dark(#000000, #ffffff);border-radius: 2px  Server   
  {icon: {$$typeof: ..., render: ...}, label: ..., href: ...}
         ^^^^^^^^^^^^^^^^^^^^^^^^^^^^ @ http://localhost:3000/_next/static/chunks/node_modules_next_dist_115brz8._.js:3318
[  688569ms] [ERROR] %c%s%c Only plain objects can be passed to Client Components from Server Components. Classes or other objects with methods are not supported.%s background: #e6e6e6;background: light-dark(rgba(0,0,0,0.1), rgba(255,255,255,0.25));color: #000000;color: light-dark(#000000, #ffffff);border-radius: 2px  Server   
  {icon: {$$typeof: ..., render: ...}, label: ..., href: ...}
         ^^^^^^^^^^^^^^^^^^^^^^^^^^^^ @ http://localhost:3000/_next/static/chunks/node_modules_next_dist_115brz8._.js:3318
[  688570ms] [ERROR] %c%s%c Only plain objects can be passed to Client Components from Server Components. Classes or other objects with methods are not supported.%s background: #e6e6e6;background: light-dark(rgba(0,0,0,0.1), rgba(255,255,255,0.25));color: #000000;color: light-dark(#000000, #ffffff);border-radius: 2px  Server   
  {icon: {$$typeof: ..., render: ...}, label: ..., href: ...}
         ^^^^^^^^^^^^^^^^^^^^^^^^^^^^ @ http://localhost:3000/_next/static/chunks/node_modules_next_dist_115brz8._.js:3318
[  688570ms] [ERROR] %c%s%c Only plain objects can be passed to Client Components from Server Components. Classes or other objects with methods are not supported.%s background: #e6e6e6;background: light-dark(rgba(0,0,0,0.1), rgba(255,255,255,0.25));color: #000000;color: light-dark(#000000, #ffffff);border-radius: 2px  Server   
  {icon: {$$typeof: ..., render: ...}, label: ..., href: ...}
         ^^^^^^^^^^^^^^^^^^^^^^^^^^^^ @ http://localhost:3000/_next/static/chunks/node_modules_next_dist_115brz8._.js:3318
[  688734ms] [LOG] [Fast Refresh] rebuilding @ http://localhost:3000/_next/static/chunks/node_modules_next_dist_115brz8._.js:2477
[  689669ms] [ERROR] %c%s%c Only plain objects can be passed to Client Components from Server Components. Classes or other objects with methods are not supported.%s background: #e6e6e6;background: light-dark(rgba(0,0,0,0.1), rgba(255,255,255,0.25));color: #000000;color: light-dark(#000000, #ffffff);border-radius: 2px  Server   
  {icon: {$$typeof: ..., render: ...}, label: ..., href: ...}
         ^^^^^^^^^^^^^^^^^^^^^^^^^^^^ @ http://localhost:3000/_next/static/chunks/node_modules_next_dist_115brz8._.js:3318
[  689670ms] [ERROR] %c%s%c Only plain objects can be passed to Client Components from Server Components. Classes or other objects with methods are not supported.%s background: #e6e6e6;background: light-dark(rgba(0,0,0,0.1), rgba(255,255,255,0.25));color: #000000;color: light-dark(#000000, #ffffff);border-radius: 2px  Server   
  {icon: {$$typeof: ..., render: ...}, label: ..., href: ...}
         ^^^^^^^^^^^^^^^^^^^^^^^^^^^^ @ http://localhost:3000/_next/static/chunks/node_modules_next_dist_115brz8._.js:3318
[  689670ms] [ERROR] %c%s%c Only plain objects can be passed to Client Components from Server Components. Classes or other objects with methods are not supported.%s background: #e6e6e6;background: light-dark(rgba(0,0,0,0.1), rgba(255,255,255,0.25));color: #000000;color: light-dark(#000000, #ffffff);border-radius: 2px  Server   
  {icon: {$$typeof: ..., render: ...}, label: ..., href: ...}
         ^^^^^^^^^^^^^^^^^^^^^^^^^^^^ @ http://localhost:3000/_next/static/chunks/node_modules_next_dist_115brz8._.js:3318
[  689675ms] [ERROR] %c%s%c Only plain objects can be passed to Client Components from Server Components. Classes or other objects with methods are not supported.%s background: #e6e6e6;background: light-dark(rgba(0,0,0,0.1), rgba(255,255,255,0.25));color: #000000;color: light-dark(#000000, #ffffff);border-radius: 2px  Server   
  {icon: {$$typeof: ..., render: ...}, label: ..., href: ...}
         ^^^^^^^^^^^^^^^^^^^^^^^^^^^^ @ http://localhost:3000/_next/static/chunks/node_modules_next_dist_115brz8._.js:3318
[  689677ms] [LOG] [Fast Refresh] done in 1045ms @ http://localhost:3000/_next/static/chunks/node_modules_next_dist_115brz8._.js:2477
[  689762ms] Error: Functions cannot be passed directly to Client Components unless you explicitly expose it by marking it with "use server". Or maybe you meant to call this function rather than return it.
  {$$typeof: ..., render: function House}
                          ^^^^^^^^^^^^^^
    at stringify (<anonymous>:1:18)
    at stringify (<anonymous>:1:18)
    at resolveErrorDev (http://localhost:3000/_next/static/chunks/node_modules_next_dist_compiled_react-server-dom-turbopack_0p3wegg._.js:1919:150)
    at processFullStringRow (http://localhost:3000/_next/static/chunks/node_modules_next_dist_compiled_react-server-dom-turbopack_0p3wegg._.js:2434:29)
    at processFullBinaryRow (http://localhost:3000/_next/static/chunks/node_modules_next_dist_compiled_react-server-dom-turbopack_0p3wegg._.js:2393:9)
    at processBinaryChunk (http://localhost:3000/_next/static/chunks/node_modules_next_dist_compiled_react-server-dom-turbopack_0p3wegg._.js:2502:221)
    at progress (http://localhost:3000/_next/static/chunks/node_modules_next_dist_compiled_react-server-dom-turbopack_0p3wegg._.js:2689:13)
