[     156ms] [INFO] %cDownload the React DevTools for a better development experience: https://react.dev/link/react-devtools font-weight:bold @ http://localhost:3000/_next/static/chunks/node_modules_next_dist_115brz8._.js:2477
[     196ms] [LOG] [HMR] connected @ http://localhost:3000/_next/static/chunks/node_modules_next_dist_115brz8._.js:2477
[  271737ms] [LOG] [Fast Refresh] rebuilding @ http://localhost:3000/_next/static/chunks/node_modules_next_dist_115brz8._.js:2477
[  271826ms] [LOG] [Fast Refresh] done in 32ms @ http://localhost:3000/_next/static/chunks/node_modules_next_dist_115brz8._.js:2477
[ 1280773ms] [LOG] [Fast Refresh] rebuilding @ http://localhost:3000/_next/static/chunks/node_modules_next_dist_115brz8._.js:2477
[ 1280823ms] [ERROR] ./src/app/dev/page.tsx:5:10
the name `Flag` is defined multiple times
  3 | import { Icon } from "@/components/ui/icon";
  4 | import { Flag } from "@/components/ui/flag";
> 5 | import { Flag } from "@/components/ui/flag";
    |          ^^^^
  6 |
  7 | export default function DevPage() {
  8 |   return (

Ecmascript file had an error @ http://localhost:3000/_next/static/chunks/node_modules_next_dist_115brz8._.js:3318
[ 1281036ms] [LOG] [Fast Refresh] rebuilding @ http://localhost:3000/_next/static/chunks/node_modules_next_dist_115brz8._.js:2477
[ 1281326ms] [ERROR] ./src/app/dev/page.tsx:5:10
the name `Flag` is defined multiple times
  3 | import { Icon } from "@/components/ui/icon";
  4 | import { Flag } from "@/components/ui/flag";
> 5 | import { Flag } from "@/components/ui/flag";
    |          ^^^^
  6 |
  7 | export default function DevPage() {
  8 |   return (

Ecmascript file had an error @ http://localhost:3000/_next/static/chunks/node_modules_next_dist_115brz8._.js:3318
[ 1281442ms] [LOG] [Fast Refresh] rebuilding @ http://localhost:3000/_next/static/chunks/node_modules_next_dist_115brz8._.js:2477
[ 1281921ms] [ERROR] ./src/app/dev/page.tsx:5:10
the name `Flag` is defined multiple times
  3 | import { Icon } from "@/components/ui/icon";
  4 | import { Flag } from "@/components/ui/flag";
> 5 | import { Flag } from "@/components/ui/flag";
    |          ^^^^
  6 |
  7 | export default function DevPage() {
  8 |   return (

Ecmascript file had an error @ http://localhost:3000/_next/static/chunks/node_modules_next_dist_115brz8._.js:3318
[ 1281921ms] [ERROR] Failed to load resource: the server responded with a status of 500 (Internal Server Error) @ http://localhost:3000/dev?_rsc=fYpZ6qcXQRNo1TZx:0
[ 1281965ms] [ERROR] Failed to load resource: the server responded with a status of 500 (Internal Server Error) @ http://localhost:3000/dev:0
[ 1282075ms] [INFO] %cDownload the React DevTools for a better development experience: https://react.dev/link/react-devtools font-weight:bold @ http://localhost:3000/_next/static/chunks/node_modules_react-dom_0bruynb._.js:15305
[ 1282171ms] Error: ./src/app/dev/page.tsx:5:10
the name `Flag` is defined multiple times
  3 | import { Icon } from "@/components/ui/icon";
  4 | import { Flag } from "@/components/ui/flag";
> 5 | import { Flag } from "@/components/ui/flag";
    |          ^^^^
  6 |
  7 | export default function DevPage() {
  8 |   return (

Ecmascript file had an error


    at <unknown> (Error: ./src/app/dev/page.tsx:5:10)
    at Object.getCompilationErrors (file://C:\Users\rrodriguez\rproyects\the-big-polla\node_modules\next\dist\server\dev\hot-reloader-turbopack.js:1186:59)
    at DevBundlerService.getCompilationError (file://C:\Users\rrodriguez\rproyects\the-big-polla\node_modules\next\dist\server\lib\dev-bundler-service.js:44:55)
    at DevServer.getCompilationError (file://C:\Users\rrodriguez\rproyects\the-big-polla\node_modules\next\dist\server\dev\next-dev-server.js:720:42)
    at DevServer.findPageComponents (file://C:\Users\rrodriguez\rproyects\the-big-polla\node_modules\next\dist\server\dev\next-dev-server.js:690:43)
    at async DevServer.renderErrorToResponseImpl (file://C:\Users\rrodriguez\rproyects\the-big-polla\node_modules\next\dist\server\base-server.js:1753:26)
[ 1282168ms] [LOG] [HMR] connected @ http://localhost:3000/_next/static/chunks/node_modules_next_dist_0u_w_5s._.js:1226
[ 1282172ms] [ERROR] ./src/app/dev/page.tsx:5:10
the name `Flag` is defined multiple times
  3 | import { Icon } from "@/components/ui/icon";
  4 | import { Flag } from "@/components/ui/flag";
> 5 | import { Flag } from "@/components/ui/flag";
    |          ^^^^
  6 |
  7 | export default function DevPage() {
  8 |   return (

Ecmascript file had an error @ http://localhost:3000/_next/static/chunks/node_modules_next_dist_0u_w_5s._.js:1945
[ 1282235ms] [ERROR] ./src/app/dev/page.tsx:5:10
the name `Flag` is defined multiple times
  3 | import { Icon } from "@/components/ui/icon";
  4 | import { Flag } from "@/components/ui/flag";
> 5 | import { Flag } from "@/components/ui/flag";
    |          ^^^^
  6 |
  7 | export default function DevPage() {
  8 |   return (

Ecmascript file had an error @ http://localhost:3000/_next/static/chunks/node_modules_next_dist_0u_w_5s._.js:1945
[ 1282281ms] [LOG] [Fast Refresh] rebuilding @ http://localhost:3000/_next/static/chunks/node_modules_next_dist_0u_w_5s._.js:1226
[ 1282378ms] [ERROR] ./src/app/dev/page.tsx:5:10
the name `Flag` is defined multiple times
  3 | import { Icon } from "@/components/ui/icon";
  4 | import { Flag } from "@/components/ui/flag";
> 5 | import { Flag } from "@/components/ui/flag";
    |          ^^^^
  6 |
  7 | export default function DevPage() {
  8 |   return (

Ecmascript file had an error @ http://localhost:3000/_next/static/chunks/node_modules_next_dist_0u_w_5s._.js:1945
[ 1282438ms] [LOG] [Fast Refresh] rebuilding @ http://localhost:3000/_next/static/chunks/node_modules_next_dist_0u_w_5s._.js:1226
[ 1282485ms] [ERROR] ./src/app/dev/page.tsx:5:10
the name `Flag` is defined multiple times
  3 | import { Icon } from "@/components/ui/icon";
  4 | import { Flag } from "@/components/ui/flag";
> 5 | import { Flag } from "@/components/ui/flag";
    |          ^^^^
  6 |
  7 | export default function DevPage() {
  8 |   return (

Ecmascript file had an error @ http://localhost:3000/_next/static/chunks/node_modules_next_dist_0u_w_5s._.js:1945
[ 1282546ms] [LOG] [Fast Refresh] rebuilding @ http://localhost:3000/_next/static/chunks/node_modules_next_dist_0u_w_5s._.js:1226
[ 1283112ms] [ERROR] ./src/app/dev/page.tsx:5:10
the name `Flag` is defined multiple times
  3 | import { Icon } from "@/components/ui/icon";
  4 | import { Flag } from "@/components/ui/flag";
> 5 | import { Flag } from "@/components/ui/flag";
    |          ^^^^
  6 |
  7 | export default function DevPage() {
  8 |   return (

Ecmascript file had an error @ http://localhost:3000/_next/static/chunks/node_modules_next_dist_0u_w_5s._.js:1945
[ 1283125ms] [LOG] [Fast Refresh] rebuilding @ http://localhost:3000/_next/static/chunks/node_modules_next_dist_0u_w_5s._.js:1226
[ 1286334ms] [LOG] [Fast Refresh] rebuilding @ http://localhost:3000/_next/static/chunks/node_modules_next_dist_0u_w_5s._.js:1226
[ 1286387ms] [ERROR] Failed to load resource: the server responded with a status of 500 (Internal Server Error) @ http://localhost:3000/dev:0
[ 1286419ms] [INFO] %cDownload the React DevTools for a better development experience: https://react.dev/link/react-devtools font-weight:bold @ http://localhost:3000/_next/static/chunks/node_modules_react-dom_0bruynb._.js:15305
[ 1286435ms] Error: ./src/app/dev/page.tsx:5:10
the name `Flag` is defined multiple times
  3 | import { Icon } from "@/components/ui/icon";
  4 | import { Flag } from "@/components/ui/flag";
> 5 | import { Flag } from "@/components/ui/flag";
    |          ^^^^
  6 |
  7 | export default function DevPage() {
  8 |   return (

Ecmascript file had an error


    at <unknown> (Error: ./src/app/dev/page.tsx:5:10)
    at Object.getCompilationErrors (file://C:\Users\rrodriguez\rproyects\the-big-polla\node_modules\next\dist\server\dev\hot-reloader-turbopack.js:1186:59)
    at DevBundlerService.getCompilationError (file://C:\Users\rrodriguez\rproyects\the-big-polla\node_modules\next\dist\server\lib\dev-bundler-service.js:44:55)
    at DevServer.getCompilationError (file://C:\Users\rrodriguez\rproyects\the-big-polla\node_modules\next\dist\server\dev\next-dev-server.js:720:42)
    at DevServer.findPageComponents (file://C:\Users\rrodriguez\rproyects\the-big-polla\node_modules\next\dist\server\dev\next-dev-server.js:690:43)
    at async DevServer.renderErrorToResponseImpl (file://C:\Users\rrodriguez\rproyects\the-big-polla\node_modules\next\dist\server\base-server.js:1753:26)
[ 1286434ms] [LOG] [HMR] connected @ http://localhost:3000/_next/static/chunks/node_modules_next_dist_0u_w_5s._.js:1226
[ 1286436ms] [ERROR] ./src/app/dev/page.tsx:5:10
the name `Flag` is defined multiple times
  3 | import { Icon } from "@/components/ui/icon";
  4 | import { Flag } from "@/components/ui/flag";
> 5 | import { Flag } from "@/components/ui/flag";
    |          ^^^^
  6 |
  7 | export default function DevPage() {
  8 |   return (

Ecmascript file had an error @ http://localhost:3000/_next/static/chunks/node_modules_next_dist_0u_w_5s._.js:1945
[ 1286478ms] [ERROR] ./src/app/dev/page.tsx:5:10
the name `Flag` is defined multiple times
  3 | import { Icon } from "@/components/ui/icon";
  4 | import { Flag } from "@/components/ui/flag";
> 5 | import { Flag } from "@/components/ui/flag";
    |          ^^^^
  6 |
  7 | export default function DevPage() {
  8 |   return (

Ecmascript file had an error @ http://localhost:3000/_next/static/chunks/node_modules_next_dist_0u_w_5s._.js:1945
[ 1286539ms] [LOG] [Fast Refresh] rebuilding @ http://localhost:3000/_next/static/chunks/node_modules_next_dist_0u_w_5s._.js:1226
[ 1287399ms] [ERROR] ./src/app/dev/page.tsx:5:10
the name `Flag` is defined multiple times
  3 | import { Icon } from "@/components/ui/icon";
  4 | import { Flag } from "@/components/ui/flag";
> 5 | import { Flag } from "@/components/ui/flag";
    |          ^^^^
  6 |
  7 | export default function DevPage() {
  8 |   return (

Ecmascript file had an error @ http://localhost:3000/_next/static/chunks/node_modules_next_dist_0u_w_5s._.js:1945
[ 1287459ms] [LOG] [Fast Refresh] rebuilding @ http://localhost:3000/_next/static/chunks/node_modules_next_dist_0u_w_5s._.js:1226
[ 1287507ms] [ERROR] ./src/app/dev/page.tsx:5:10
the name `Flag` is defined multiple times
  3 | import { Icon } from "@/components/ui/icon";
  4 | import { Flag } from "@/components/ui/flag";
> 5 | import { Flag } from "@/components/ui/flag";
    |          ^^^^
  6 |
  7 | export default function DevPage() {
  8 |   return (

Ecmascript file had an error @ http://localhost:3000/_next/static/chunks/node_modules_next_dist_0u_w_5s._.js:1945
[ 1287570ms] [LOG] [Fast Refresh] rebuilding @ http://localhost:3000/_next/static/chunks/node_modules_next_dist_0u_w_5s._.js:1226
[ 1287887ms] [ERROR] ./src/app/dev/page.tsx:5:10
the name `Flag` is defined multiple times
  3 | import { Icon } from "@/components/ui/icon";
  4 | import { Flag } from "@/components/ui/flag";
> 5 | import { Flag } from "@/components/ui/flag";
    |          ^^^^
  6 |
  7 | export default function DevPage() {
  8 |   return (

Ecmascript file had an error @ http://localhost:3000/_next/static/chunks/node_modules_next_dist_0u_w_5s._.js:1945
[ 1287947ms] [LOG] [Fast Refresh] rebuilding @ http://localhost:3000/_next/static/chunks/node_modules_next_dist_0u_w_5s._.js:1226
[ 1288010ms] [ERROR] ./src/app/dev/page.tsx:5:10
the name `Flag` is defined multiple times
  3 | import { Icon } from "@/components/ui/icon";
  4 | import { Flag } from "@/components/ui/flag";
> 5 | import { Flag } from "@/components/ui/flag";
    |          ^^^^
  6 |
  7 | export default function DevPage() {
  8 |   return (

Ecmascript file had an error @ http://localhost:3000/_next/static/chunks/node_modules_next_dist_0u_w_5s._.js:1945
[ 1288070ms] [LOG] [Fast Refresh] rebuilding @ http://localhost:3000/_next/static/chunks/node_modules_next_dist_0u_w_5s._.js:1226
