[      37ms] [ERROR] Failed to load resource: the server responded with a status of 500 (Internal Server Error) @ http://localhost:3000/dev:0
[      64ms] [INFO] %cDownload the React DevTools for a better development experience: https://react.dev/link/react-devtools font-weight:bold @ http://localhost:3000/_next/static/chunks/node_modules_react-dom_0bruynb._.js:15305
[      82ms] Error: ./src/app/dev/page.tsx:5:10
the name `Flag` is defined multiple times
  3 | import { Icon } from "@/components/ui/icon";
  4 | import { Flag } from "@/components/ui/flag";
> 5 | import { Flag } from "@/components/ui/flag";
    |          ^^^^
  6 |
  7 | export default function DevPage() {
  8 |   return (

Ecmascript file had an error


    at <unknown> (Error: ./src/app/dev/page.tsx:5:10)
    at Object.getCompilationErrors (file://C:\Users\rrodriguez\rproyects\the-big-polla\node_modules\next\dist\server\dev\hot-reloader-turbopack.js:1186:59)
    at DevBundlerService.getCompilationError (file://C:\Users\rrodriguez\rproyects\the-big-polla\node_modules\next\dist\server\lib\dev-bundler-service.js:44:55)
    at DevServer.getCompilationError (file://C:\Users\rrodriguez\rproyects\the-big-polla\node_modules\next\dist\server\dev\next-dev-server.js:720:42)
    at DevServer.findPageComponents (file://C:\Users\rrodriguez\rproyects\the-big-polla\node_modules\next\dist\server\dev\next-dev-server.js:690:43)
    at async DevServer.renderErrorToResponseImpl (file://C:\Users\rrodriguez\rproyects\the-big-polla\node_modules\next\dist\server\base-server.js:1753:26)
[      77ms] [LOG] [HMR] connected @ http://localhost:3000/_next/static/chunks/node_modules_next_dist_0u_w_5s._.js:1226
[      78ms] [ERROR] ./src/app/dev/page.tsx:5:10
the name `Flag` is defined multiple times
  3 | import { Icon } from "@/components/ui/icon";
  4 | import { Flag } from "@/components/ui/flag";
> 5 | import { Flag } from "@/components/ui/flag";
    |          ^^^^
  6 |
  7 | export default function DevPage() {
  8 |   return (

Ecmascript file had an error @ http://localhost:3000/_next/static/chunks/node_modules_next_dist_0u_w_5s._.js:1945
[     129ms] [ERROR] ./src/app/dev/page.tsx:5:10
the name `Flag` is defined multiple times
  3 | import { Icon } from "@/components/ui/icon";
  4 | import { Flag } from "@/components/ui/flag";
> 5 | import { Flag } from "@/components/ui/flag";
    |          ^^^^
  6 |
  7 | export default function DevPage() {
  8 |   return (

Ecmascript file had an error @ http://localhost:3000/_next/static/chunks/node_modules_next_dist_0u_w_5s._.js:1945
[     191ms] [ERROR] ./src/app/dev/page.tsx:5:10
the name `Flag` is defined multiple times
  3 | import { Icon } from "@/components/ui/icon";
  4 | import { Flag } from "@/components/ui/flag";
> 5 | import { Flag } from "@/components/ui/flag";
    |          ^^^^
  6 |
  7 | export default function DevPage() {
  8 |   return (

Ecmascript file had an error @ http://localhost:3000/_next/static/chunks/node_modules_next_dist_0u_w_5s._.js:1945
[     253ms] [LOG] [Fast Refresh] rebuilding @ http://localhost:3000/_next/static/chunks/node_modules_next_dist_0u_w_5s._.js:1226
[    1285ms] [ERROR] ./src/app/dev/page.tsx:5:10
the name `Flag` is defined multiple times
  3 | import { Icon } from "@/components/ui/icon";
  4 | import { Flag } from "@/components/ui/flag";
> 5 | import { Flag } from "@/components/ui/flag";
    |          ^^^^
  6 |
  7 | export default function DevPage() {
  8 |   return (

Ecmascript file had an error @ http://localhost:3000/_next/static/chunks/node_modules_next_dist_0u_w_5s._.js:1945
[    1345ms] [LOG] [Fast Refresh] rebuilding @ http://localhost:3000/_next/static/chunks/node_modules_next_dist_0u_w_5s._.js:1226
[    1393ms] [ERROR] ./src/app/dev/page.tsx:5:10
the name `Flag` is defined multiple times
  3 | import { Icon } from "@/components/ui/icon";
  4 | import { Flag } from "@/components/ui/flag";
> 5 | import { Flag } from "@/components/ui/flag";
    |          ^^^^
  6 |
  7 | export default function DevPage() {
  8 |   return (

Ecmascript file had an error @ http://localhost:3000/_next/static/chunks/node_modules_next_dist_0u_w_5s._.js:1945
[    1453ms] [LOG] [Fast Refresh] rebuilding @ http://localhost:3000/_next/static/chunks/node_modules_next_dist_0u_w_5s._.js:1226
[    4466ms] [ERROR] ./src/app/dev/page.tsx:5:10
the name `Flag` is defined multiple times
  3 | import { Icon } from "@/components/ui/icon";
  4 | import { Flag } from "@/components/ui/flag";
> 5 | import { Flag } from "@/components/ui/flag";
    |          ^^^^
  6 |
  7 | export default function DevPage() {
  8 |   return (

Ecmascript file had an error @ http://localhost:3000/_next/static/chunks/node_modules_next_dist_0u_w_5s._.js:1945
[    4540ms] [LOG] [Fast Refresh] rebuilding @ http://localhost:3000/_next/static/chunks/node_modules_next_dist_0u_w_5s._.js:1226
[    4604ms] [ERROR] ./src/app/dev/page.tsx:5:10
the name `Flag` is defined multiple times
  3 | import { Icon } from "@/components/ui/icon";
  4 | import { Flag } from "@/components/ui/flag";
> 5 | import { Flag } from "@/components/ui/flag";
    |          ^^^^
  6 |
  7 | export default function DevPage() {
  8 |   return (

Ecmascript file had an error @ http://localhost:3000/_next/static/chunks/node_modules_next_dist_0u_w_5s._.js:1945
[    4665ms] [LOG] [Fast Refresh] rebuilding @ http://localhost:3000/_next/static/chunks/node_modules_next_dist_0u_w_5s._.js:1226
[    5338ms] [ERROR] ./src/app/dev/page.tsx:5:10
the name `Flag` is defined multiple times
  3 | import { Icon } from "@/components/ui/icon";
  4 | import { Flag } from "@/components/ui/flag";
> 5 | import { Flag } from "@/components/ui/flag";
    |          ^^^^
  6 |
  7 | export default function DevPage() {
  8 |   return (

Ecmascript file had an error @ http://localhost:3000/_next/static/chunks/node_modules_next_dist_0u_w_5s._.js:1945
[    5399ms] [LOG] [Fast Refresh] rebuilding @ http://localhost:3000/_next/static/chunks/node_modules_next_dist_0u_w_5s._.js:1226
[    5462ms] [ERROR] ./src/app/dev/page.tsx:5:10
the name `Flag` is defined multiple times
  3 | import { Icon } from "@/components/ui/icon";
  4 | import { Flag } from "@/components/ui/flag";
> 5 | import { Flag } from "@/components/ui/flag";
    |          ^^^^
  6 |
  7 | export default function DevPage() {
  8 |   return (

Ecmascript file had an error @ http://localhost:3000/_next/static/chunks/node_modules_next_dist_0u_w_5s._.js:1945
[    5524ms] [LOG] [Fast Refresh] rebuilding @ http://localhost:3000/_next/static/chunks/node_modules_next_dist_0u_w_5s._.js:1226
[    8362ms] [ERROR] ./src/app/dev/page.tsx:5:10
the name `Flag` is defined multiple times
  3 | import { Icon } from "@/components/ui/icon";
  4 | import { Flag } from "@/components/ui/flag";
> 5 | import { Flag } from "@/components/ui/flag";
    |          ^^^^
  6 |
  7 | export default function DevPage() {
  8 |   return (

Ecmascript file had an error @ http://localhost:3000/_next/static/chunks/node_modules_next_dist_0u_w_5s._.js:1945
[    8423ms] [LOG] [Fast Refresh] rebuilding @ http://localhost:3000/_next/static/chunks/node_modules_next_dist_0u_w_5s._.js:1226
[    8473ms] [ERROR] ./src/app/dev/page.tsx:5:10
the name `Flag` is defined multiple times
  3 | import { Icon } from "@/components/ui/icon";
  4 | import { Flag } from "@/components/ui/flag";
> 5 | import { Flag } from "@/components/ui/flag";
    |          ^^^^
  6 |
  7 | export default function DevPage() {
  8 |   return (

Ecmascript file had an error @ http://localhost:3000/_next/static/chunks/node_modules_next_dist_0u_w_5s._.js:1945
[    8532ms] [LOG] [Fast Refresh] rebuilding @ http://localhost:3000/_next/static/chunks/node_modules_next_dist_0u_w_5s._.js:1226
[   14188ms] [ERROR] ./src/app/dev/page.tsx:5:10
the name `Flag` is defined multiple times
  3 | import { Icon } from "@/components/ui/icon";
  4 | import { Flag } from "@/components/ui/flag";
> 5 | import { Flag } from "@/components/ui/flag";
    |          ^^^^
  6 |
  7 | export default function DevPage() {
  8 |   return (

Ecmascript file had an error @ http://localhost:3000/_next/static/chunks/node_modules_next_dist_0u_w_5s._.js:1945
[   14251ms] [LOG] [Fast Refresh] rebuilding @ http://localhost:3000/_next/static/chunks/node_modules_next_dist_0u_w_5s._.js:1226
[   14314ms] [ERROR] ./src/app/dev/page.tsx:5:10
the name `Flag` is defined multiple times
  3 | import { Icon } from "@/components/ui/icon";
  4 | import { Flag } from "@/components/ui/flag";
> 5 | import { Flag } from "@/components/ui/flag";
    |          ^^^^
  6 |
  7 | export default function DevPage() {
  8 |   return (

Ecmascript file had an error @ http://localhost:3000/_next/static/chunks/node_modules_next_dist_0u_w_5s._.js:1945
[   14376ms] [LOG] [Fast Refresh] rebuilding @ http://localhost:3000/_next/static/chunks/node_modules_next_dist_0u_w_5s._.js:1226
[   14735ms] [ERROR] ./src/app/dev/page.tsx:5:10
the name `Flag` is defined multiple times
  3 | import { Icon } from "@/components/ui/icon";
  4 | import { Flag } from "@/components/ui/flag";
> 5 | import { Flag } from "@/components/ui/flag";
    |          ^^^^
  6 |
  7 | export default function DevPage() {
  8 |   return (

Ecmascript file had an error @ http://localhost:3000/_next/static/chunks/node_modules_next_dist_0u_w_5s._.js:1945
[   14795ms] [LOG] [Fast Refresh] rebuilding @ http://localhost:3000/_next/static/chunks/node_modules_next_dist_0u_w_5s._.js:1226
[   14844ms] [ERROR] ./src/app/dev/page.tsx:5:10
the name `Flag` is defined multiple times
  3 | import { Icon } from "@/components/ui/icon";
  4 | import { Flag } from "@/components/ui/flag";
> 5 | import { Flag } from "@/components/ui/flag";
    |          ^^^^
  6 |
  7 | export default function DevPage() {
  8 |   return (

Ecmascript file had an error @ http://localhost:3000/_next/static/chunks/node_modules_next_dist_0u_w_5s._.js:1945
[   14905ms] [LOG] [Fast Refresh] rebuilding @ http://localhost:3000/_next/static/chunks/node_modules_next_dist_0u_w_5s._.js:1226
[   16165ms] [LOG] [Fast Refresh] rebuilding @ http://localhost:3000/_next/static/chunks/node_modules_next_dist_0u_w_5s._.js:1226
[   16438ms] [LOG] [Fast Refresh] done in 48ms @ http://localhost:3000/_next/static/chunks/node_modules_next_dist_0u_w_5s._.js:1226
[   16623ms] [INFO] %cDownload the React DevTools for a better development experience: https://react.dev/link/react-devtools font-weight:bold @ http://localhost:3000/_next/static/chunks/node_modules_next_dist_115brz8._.js:2477
[   16653ms] [LOG] [HMR] connected @ http://localhost:3000/_next/static/chunks/node_modules_next_dist_115brz8._.js:2477
